2020-07-31T01:31:09+00:00 NOTICE mailchimp-woocommerce-sync.started :: Starting Sync :: Fri, Jul 31, 2020 1:31 AM
2020-07-31T01:31:09+00:00 NOTICE action_scheduler.queue_job :: MailChimp_WooCommerce_Process_Coupons queued :: page 1
2020-07-31T01:31:09+00:00 NOTICE action_scheduler.queue_job :: MailChimp_WooCommerce_Process_Coupons queued :: page 2
2020-07-31T01:31:21+00:00 NOTICE action_scheduler.queue_job :: MailChimp_WooCommerce_SingleCoupon queued :: obj_id 152
2020-07-31T01:31:23+00:00 NOTICE coupon_sync.completed :: Done with the coupon queueing.
2020-07-31T01:31:23+00:00 NOTICE sync.full_sync_manager.queue :: Starting PRODUCTS queueing.
2020-07-31T01:31:23+00:00 NOTICE action_scheduler.queue_job :: MailChimp_WooCommerce_Process_Products queued :: page 1
2020-07-31T01:31:23+00:00 NOTICE action_scheduler.queue_job :: MailChimp_WooCommerce_Process_Products queued :: page 2
2020-07-31T01:31:24+00:00 NOTICE promo_code_submit.success :: #152 :: code: tejas50
2020-07-31T01:31:24+00:00 NOTICE action_scheduler.queue_job :: MailChimp_WooCommerce_Single_Product queued :: obj_id 133
2020-07-31T01:31:24+00:00 NOTICE action_scheduler.queue_job :: MailChimp_WooCommerce_Single_Product queued :: obj_id 145
2020-07-31T01:31:24+00:00 NOTICE action_scheduler.queue_job :: MailChimp_WooCommerce_Single_Product queued :: obj_id 156
2020-07-31T01:31:24+00:00 NOTICE action_scheduler.queue_job :: MailChimp_WooCommerce_Single_Product queued :: obj_id 166
2020-07-31T01:31:24+00:00 NOTICE action_scheduler.queue_job :: MailChimp_WooCommerce_Single_Product queued :: obj_id 167
2020-07-31T01:31:24+00:00 NOTICE action_scheduler.queue_job :: MailChimp_WooCommerce_Single_Product queued :: obj_id 175
2020-07-31T01:31:24+00:00 NOTICE action_scheduler.queue_job :: MailChimp_WooCommerce_Single_Product queued :: obj_id 183
2020-07-31T01:31:24+00:00 NOTICE action_scheduler.queue_job :: MailChimp_WooCommerce_Single_Product queued :: obj_id 184
2020-07-31T01:31:24+00:00 NOTICE action_scheduler.queue_job :: MailChimp_WooCommerce_Single_Product queued :: obj_id 191
2020-07-31T01:31:26+00:00 NOTICE product_sync.completed :: Done with the product queuing
2020-07-31T01:31:27+00:00 NOTICE product_submit.success :: addStoreProduct :: #133
2020-07-31T01:31:27+00:00 NOTICE product_submit.success :: addStoreProduct :: #145
2020-07-31T01:31:27+00:00 NOTICE product_submit.success :: addStoreProduct :: #156
2020-07-31T01:31:28+00:00 NOTICE product_submit.success :: addStoreProduct :: #166
2020-07-31T01:31:28+00:00 NOTICE product_submit.success :: addStoreProduct :: #167
2020-07-31T01:31:28+00:00 NOTICE product_submit.success :: addStoreProduct :: #175
2020-07-31T01:31:29+00:00 NOTICE product_submit.success :: addStoreProduct :: #183
2020-07-31T01:31:29+00:00 NOTICE product_submit.success :: addStoreProduct :: #184
2020-07-31T01:31:30+00:00 NOTICE product_submit.success :: addStoreProduct :: #191
